<?xml version="1.0" encoding="UTF-8"?>
<!-- Generated by org.testng.reporters.JUnitReportReporter -->
<testsuite hostname="LAPTOP-OOJD2GM0" failures="0" tests="1" name="com.realtime.AddtoCart" time="45.864" errors="0" timestamp="2023-06-30T17:21:29 IST" skipped="0">
  <testcase classname="com.realtime.AddtoCart" name="getAddtocart" time="45.864"/>
  <system-out/>
</testsuite> <!-- com.realtime.AddtoCart -->
