<?xml version="1.0" encoding="UTF-8"?>
<!-- Generated by org.testng.reporters.JUnitReportReporter -->
<testsuite hostname="LAPTOP-OOJD2GM0" failures="0" tests="2" name="com.selenide.SelenideClass" time="18.036" errors="0" timestamp="2023-09-21T17:22:12 IST" skipped="0">
  <testcase classname="com.selenide.SelenideClass" name="getLaunch" time="18.015"/>
  <system-out/>
  <testcase classname="com.selenide.SelenideClass" name="getAnother" time="0.021"/>
  <system-out/>
</testsuite> <!-- com.selenide.SelenideClass -->
